<?xml version="1.0" encoding="UTF-8"?>
<!-- Generated by org.testng.reporters.JUnitXMLReporter -->
<testsuite hostname="DESKTOP-Q8RNTEC" ignored="0" name="Test" tests="2" failures="0" timestamp="09 Jun 2020 08:28:39 GMT" time="28.079" errors="0">
  <testcase name="validateLoginPageLogoIsVisible" time="0.496" classname="resonancia.bigbasket.homepagetests.LoginPageTests"/>
  <testcase name="validateSupportNumberIsDisplayed" time="0.115" classname="resonancia.bigbasket.homepagetests.LoginPageTests"/>
</testsuite> <!-- Test -->
